2026-02-06 12:19:28,597 [INFO] setting up API-client for environment practice
2026-02-06 12:19:28,613 [INFO] [1/4] Collecting EUR_USD...
2026-02-06 12:19:28,613 [INFO] performing request https://api-fxpractice.oanda.com/v3/instruments/EUR_USD/candles
2026-02-06 12:19:29,711 [INFO] performing request https://api-fxpractice.oanda.com/v3/instruments/EUR_USD/candles
2026-02-06 12:19:29,976 [INFO] performing request https://api-fxpractice.oanda.com/v3/instruments/EUR_USD/candles
2026-02-06 12:19:30,583 [INFO] performing request https://api-fxpractice.oanda.com/v3/instruments/EUR_USD/candles
2026-02-06 12:19:30,905 [INFO] performing request https://api-fxpractice.oanda.com/v3/instruments/EUR_USD/candles
2026-02-06 12:19:31,108 [INFO] performing request https://api-fxpractice.oanda.com/v3/instruments/EUR_USD/candles
2026-02-06 12:19:31,282 [INFO] performing request https://api-fxpractice.oanda.com/v3/instruments/EUR_USD/candles
2026-02-06 12:19:31,497 [INFO] performing request https://api-fxpractice.oanda.com/v3/instruments/EUR_USD/candles
2026-02-06 12:19:31,691 [INFO] performing request https://api-fxpractice.oanda.com/v3/instruments/EUR_USD/candles
2026-02-06 12:19:31,916 [INFO] performing request https://api-fxpractice.oanda.com/v3/instruments/EUR_USD/candles
2026-02-06 12:19:32,228 [INFO] performing request https://api-fxpractice.oanda.com/v3/instruments/EUR_USD/candles
2026-02-06 12:19:32,549 [INFO] performing request https://api-fxpractice.oanda.com/v3/instruments/EUR_USD/candles
2026-02-06 12:19:32,904 [INFO] performing request https://api-fxpractice.oanda.com/v3/instruments/EUR_USD/candles
2026-02-06 12:19:33,248 [INFO] performing request https://api-fxpractice.oanda.com/v3/instruments/EUR_USD/candles
2026-02-06 12:19:33,504 [INFO] performing request https://api-fxpractice.oanda.com/v3/instruments/EUR_USD/candles
2026-02-06 12:19:33,863 [INFO] performing request https://api-fxpractice.oanda.com/v3/instruments/EUR_USD/candles
2026-02-06 12:19:34,118 [INFO] performing request https://api-fxpractice.oanda.com/v3/instruments/EUR_USD/candles
2026-02-06 12:19:34,332 [INFO] performing request https://api-fxpractice.oanda.com/v3/instruments/EUR_USD/candles
2026-02-06 12:19:34,508 [INFO] performing request https://api-fxpractice.oanda.com/v3/instruments/EUR_USD/candles
2026-02-06 12:19:34,853 [INFO] performing request https://api-fxpractice.oanda.com/v3/instruments/EUR_USD/candles
2026-02-06 12:19:35,100 [INFO] performing request https://api-fxpractice.oanda.com/v3/instruments/EUR_USD/candles
2026-02-06 12:19:35,395 [INFO] performing request https://api-fxpractice.oanda.com/v3/instruments/EUR_USD/candles
2026-02-06 12:19:35,775 [INFO] performing request https://api-fxpractice.oanda.com/v3/instruments/EUR_USD/candles
2026-02-06 12:19:36,053 [INFO] performing request https://api-fxpractice.oanda.com/v3/instruments/EUR_USD/candles
2026-02-06 12:19:36,281 [INFO] performing request https://api-fxpractice.oanda.com/v3/instruments/EUR_USD/candles
2026-02-06 12:19:36,530 [INFO] performing request https://api-fxpractice.oanda.com/v3/instruments/EUR_USD/candles
2026-02-06 12:19:36,750 [INFO] performing request https://api-fxpractice.oanda.com/v3/instruments/EUR_USD/candles
2026-02-06 12:19:37,100 [INFO] performing request https://api-fxpractice.oanda.com/v3/instruments/EUR_USD/candles
2026-02-06 12:19:37,299 [INFO] performing request https://api-fxpractice.oanda.com/v3/instruments/EUR_USD/candles
2026-02-06 12:19:37,568 [INFO] performing request https://api-fxpractice.oanda.com/v3/instruments/EUR_USD/candles
2026-02-06 12:19:37,806 [INFO] performing request https://api-fxpractice.oanda.com/v3/instruments/EUR_USD/candles
2026-02-06 12:19:38,002 [INFO] performing request https://api-fxpractice.oanda.com/v3/instruments/EUR_USD/candles
2026-02-06 12:19:38,280 [INFO] performing request https://api-fxpractice.oanda.com/v3/instruments/EUR_USD/candles
2026-02-06 12:19:38,480 [INFO] performing request https://api-fxpractice.oanda.com/v3/instruments/EUR_USD/candles
2026-02-06 12:19:38,714 [INFO] performing request https://api-fxpractice.oanda.com/v3/instruments/EUR_USD/candles
2026-02-06 12:19:39,009 [INFO] performing request https://api-fxpractice.oanda.com/v3/instruments/EUR_USD/candles
2026-02-06 12:19:39,268 [INFO] performing request https://api-fxpractice.oanda.com/v3/instruments/EUR_USD/candles
2026-02-06 12:19:39,446 [INFO] performing request https://api-fxpractice.oanda.com/v3/instruments/EUR_USD/candles
2026-02-06 12:19:39,684 [INFO] performing request https://api-fxpractice.oanda.com/v3/instruments/EUR_USD/candles
2026-02-06 12:19:40,236 [INFO] performing request https://api-fxpractice.oanda.com/v3/instruments/EUR_USD/candles
2026-02-06 12:19:40,528 [INFO] performing request https://api-fxpractice.oanda.com/v3/instruments/EUR_USD/candles
2026-02-06 12:19:40,775 [INFO] performing request https://api-fxpractice.oanda.com/v3/instruments/EUR_USD/candles
2026-02-06 12:19:40,955 [INFO] performing request https://api-fxpractice.oanda.com/v3/instruments/EUR_USD/candles
2026-02-06 12:19:41,253 [INFO] performing request https://api-fxpractice.oanda.com/v3/instruments/EUR_USD/candles
2026-02-06 12:19:41,727 [INFO] performing request https://api-fxpractice.oanda.com/v3/instruments/EUR_USD/candles
2026-02-06 12:19:41,977 [INFO] performing request https://api-fxpractice.oanda.com/v3/instruments/EUR_USD/candles
2026-02-06 12:19:42,191 [INFO] performing request https://api-fxpractice.oanda.com/v3/instruments/EUR_USD/candles
2026-02-06 12:19:42,488 [INFO] performing request https://api-fxpractice.oanda.com/v3/instruments/EUR_USD/candles
2026-02-06 12:19:42,832 [INFO] performing request https://api-fxpractice.oanda.com/v3/instruments/EUR_USD/candles
2026-02-06 12:19:43,281 [INFO] performing request https://api-fxpractice.oanda.com/v3/instruments/EUR_USD/candles
2026-02-06 12:19:43,542 [INFO] performing request https://api-fxpractice.oanda.com/v3/instruments/EUR_USD/candles
2026-02-06 12:19:43,754 [INFO] performing request https://api-fxpractice.oanda.com/v3/instruments/EUR_USD/candles
2026-02-06 12:19:44,014 [INFO] performing request https://api-fxpractice.oanda.com/v3/instruments/EUR_USD/candles
2026-02-06 12:19:44,237 [INFO] performing request https://api-fxpractice.oanda.com/v3/instruments/EUR_USD/candles
2026-02-06 12:19:44,471 [INFO] performing request https://api-fxpractice.oanda.com/v3/instruments/EUR_USD/candles
2026-02-06 12:19:44,857 [INFO] performing request https://api-fxpractice.oanda.com/v3/instruments/EUR_USD/candles
2026-02-06 12:19:45,069 [INFO] performing request https://api-fxpractice.oanda.com/v3/instruments/EUR_USD/candles
2026-02-06 12:19:45,321 [INFO] performing request https://api-fxpractice.oanda.com/v3/instruments/EUR_USD/candles
2026-02-06 12:19:45,529 [INFO] performing request https://api-fxpractice.oanda.com/v3/instruments/EUR_USD/candles
2026-02-06 12:19:45,733 [INFO] performing request https://api-fxpractice.oanda.com/v3/instruments/EUR_USD/candles
2026-02-06 12:19:46,224 [INFO] performing request https://api-fxpractice.oanda.com/v3/instruments/EUR_USD/candles
2026-02-06 12:19:46,435 [INFO] performing request https://api-fxpractice.oanda.com/v3/instruments/EUR_USD/candles
2026-02-06 12:19:46,665 [INFO] performing request https://api-fxpractice.oanda.com/v3/instruments/EUR_USD/candles
2026-02-06 12:19:46,891 [INFO] performing request https://api-fxpractice.oanda.com/v3/instruments/EUR_USD/candles
2026-02-06 12:19:47,093 [INFO] performing request https://api-fxpractice.oanda.com/v3/instruments/EUR_USD/candles
2026-02-06 12:19:47,274 [INFO] performing request https://api-fxpractice.oanda.com/v3/instruments/EUR_USD/candles
2026-02-06 12:19:47,477 [INFO] performing request https://api-fxpractice.oanda.com/v3/instruments/EUR_USD/candles
2026-02-06 12:19:47,661 [INFO] performing request https://api-fxpractice.oanda.com/v3/instruments/EUR_USD/candles
2026-02-06 12:19:47,992 [INFO] performing request https://api-fxpractice.oanda.com/v3/instruments/EUR_USD/candles
2026-02-06 12:19:48,169 [INFO] performing request https://api-fxpractice.oanda.com/v3/instruments/EUR_USD/candles
2026-02-06 12:19:48,494 [INFO] performing request https://api-fxpractice.oanda.com/v3/instruments/EUR_USD/candles
2026-02-06 12:19:48,728 [INFO] performing request https://api-fxpractice.oanda.com/v3/instruments/EUR_USD/candles
2026-02-06 12:19:48,941 [INFO] performing request https://api-fxpractice.oanda.com/v3/instruments/EUR_USD/candles
2026-02-06 12:19:49,144 [INFO] performing request https://api-fxpractice.oanda.com/v3/instruments/EUR_USD/candles
2026-02-06 12:19:49,405 [INFO] performing request https://api-fxpractice.oanda.com/v3/instruments/EUR_USD/candles
2026-02-06 12:19:49,660 [INFO] performing request https://api-fxpractice.oanda.com/v3/instruments/EUR_USD/candles
2026-02-06 12:19:49,865 [INFO] performing request https://api-fxpractice.oanda.com/v3/instruments/EUR_USD/candles
2026-02-06 12:19:50,113 [INFO] performing request https://api-fxpractice.oanda.com/v3/instruments/EUR_USD/candles
2026-02-06 12:19:50,322 [INFO] performing request https://api-fxpractice.oanda.com/v3/instruments/EUR_USD/candles
2026-02-06 12:19:50,661 [INFO] performing request https://api-fxpractice.oanda.com/v3/instruments/EUR_USD/candles
2026-02-06 12:19:50,919 [INFO] performing request https://api-fxpractice.oanda.com/v3/instruments/EUR_USD/candles
2026-02-06 12:19:51,148 [INFO] performing request https://api-fxpractice.oanda.com/v3/instruments/EUR_USD/candles
2026-02-06 12:19:51,623 [INFO] performing request https://api-fxpractice.oanda.com/v3/instruments/EUR_USD/candles
2026-02-06 12:19:51,829 [INFO] performing request https://api-fxpractice.oanda.com/v3/instruments/EUR_USD/candles
2026-02-06 12:19:52,072 [INFO] performing request https://api-fxpractice.oanda.com/v3/instruments/EUR_USD/candles
2026-02-06 12:19:52,305 [INFO] performing request https://api-fxpractice.oanda.com/v3/instruments/EUR_USD/candles
2026-02-06 12:19:52,493 [INFO] performing request https://api-fxpractice.oanda.com/v3/instruments/EUR_USD/candles
2026-02-06 12:19:52,735 [INFO] performing request https://api-fxpractice.oanda.com/v3/instruments/EUR_USD/candles
2026-02-06 12:19:53,059 [INFO] performing request https://api-fxpractice.oanda.com/v3/instruments/EUR_USD/candles
2026-02-06 12:19:53,321 [INFO] performing request https://api-fxpractice.oanda.com/v3/instruments/EUR_USD/candles
2026-02-06 12:19:53,724 [INFO] performing request https://api-fxpractice.oanda.com/v3/instruments/EUR_USD/candles
2026-02-06 12:19:53,901 [INFO] performing request https://api-fxpractice.oanda.com/v3/instruments/EUR_USD/candles
2026-02-06 12:19:54,164 [INFO] performing request https://api-fxpractice.oanda.com/v3/instruments/EUR_USD/candles
2026-02-06 12:19:54,441 [INFO] performing request https://api-fxpractice.oanda.com/v3/instruments/EUR_USD/candles
2026-02-06 12:19:54,728 [INFO] performing request https://api-fxpractice.oanda.com/v3/instruments/EUR_USD/candles
2026-02-06 12:19:54,904 [INFO] performing request https://api-fxpractice.oanda.com/v3/instruments/EUR_USD/candles
2026-02-06 12:19:55,340 [INFO] performing request https://api-fxpractice.oanda.com/v3/instruments/EUR_USD/candles
2026-02-06 12:19:55,666 [INFO] performing request https://api-fxpractice.oanda.com/v3/instruments/EUR_USD/candles
2026-02-06 12:19:55,876 [INFO] performing request https://api-fxpractice.oanda.com/v3/instruments/EUR_USD/candles
2026-02-06 12:19:56,112 [INFO] performing request https://api-fxpractice.oanda.com/v3/instruments/EUR_USD/candles
2026-02-06 12:19:56,458 [INFO] performing request https://api-fxpractice.oanda.com/v3/instruments/EUR_USD/candles
2026-02-06 12:19:56,694 [INFO] performing request https://api-fxpractice.oanda.com/v3/instruments/EUR_USD/candles
2026-02-06 12:19:56,871 [INFO] performing request https://api-fxpractice.oanda.com/v3/instruments/EUR_USD/candles
2026-02-06 12:19:57,231 [INFO] performing request https://api-fxpractice.oanda.com/v3/instruments/EUR_USD/candles
2026-02-06 12:19:57,425 [INFO] performing request https://api-fxpractice.oanda.com/v3/instruments/EUR_USD/candles
2026-02-06 12:19:57,674 [INFO] performing request https://api-fxpractice.oanda.com/v3/instruments/EUR_USD/candles
2026-02-06 12:19:57,947 [INFO] performing request https://api-fxpractice.oanda.com/v3/instruments/EUR_USD/candles
2026-02-06 12:19:58,147 [INFO] performing request https://api-fxpractice.oanda.com/v3/instruments/EUR_USD/candles
2026-02-06 12:19:58,339 [INFO] performing request https://api-fxpractice.oanda.com/v3/instruments/EUR_USD/candles
2026-02-06 12:19:58,568 [INFO] performing request https://api-fxpractice.oanda.com/v3/instruments/EUR_USD/candles
2026-02-06 12:19:58,856 [INFO] performing request https://api-fxpractice.oanda.com/v3/instruments/EUR_USD/candles
2026-02-06 12:19:59,073 [INFO] performing request https://api-fxpractice.oanda.com/v3/instruments/EUR_USD/candles
2026-02-06 12:20:01,263 [INFO] Saved 370,572 candles to data\raw\oanda\EUR_USD\M1\EUR_USD_M1.pkl
2026-02-06 12:20:01,309 [INFO] [2/4] Collecting GBP_USD...
2026-02-06 12:20:01,309 [INFO] performing request https://api-fxpractice.oanda.com/v3/instruments/GBP_USD/candles
2026-02-06 12:20:01,724 [INFO] performing request https://api-fxpractice.oanda.com/v3/instruments/GBP_USD/candles
2026-02-06 12:20:01,949 [INFO] performing request https://api-fxpractice.oanda.com/v3/instruments/GBP_USD/candles
2026-02-06 12:20:02,131 [INFO] performing request https://api-fxpractice.oanda.com/v3/instruments/GBP_USD/candles
2026-02-06 12:20:02,520 [INFO] performing request https://api-fxpractice.oanda.com/v3/instruments/GBP_USD/candles
2026-02-06 12:20:02,739 [INFO] performing request https://api-fxpractice.oanda.com/v3/instruments/GBP_USD/candles
2026-02-06 12:20:02,948 [INFO] performing request https://api-fxpractice.oanda.com/v3/instruments/GBP_USD/candles
2026-02-06 12:20:03,248 [INFO] performing request https://api-fxpractice.oanda.com/v3/instruments/GBP_USD/candles
2026-02-06 12:20:03,441 [INFO] performing request https://api-fxpractice.oanda.com/v3/instruments/GBP_USD/candles
2026-02-06 12:20:03,815 [INFO] performing request https://api-fxpractice.oanda.com/v3/instruments/GBP_USD/candles
2026-02-06 12:20:03,996 [INFO] performing request https://api-fxpractice.oanda.com/v3/instruments/GBP_USD/candles
2026-02-06 12:20:04,210 [INFO] performing request https://api-fxpractice.oanda.com/v3/instruments/GBP_USD/candles
2026-02-06 12:20:04,411 [INFO] performing request https://api-fxpractice.oanda.com/v3/instruments/GBP_USD/candles
2026-02-06 12:20:04,803 [INFO] performing request https://api-fxpractice.oanda.com/v3/instruments/GBP_USD/candles
2026-02-06 12:20:05,237 [INFO] performing request https://api-fxpractice.oanda.com/v3/instruments/GBP_USD/candles
2026-02-06 12:20:05,497 [INFO] performing request https://api-fxpractice.oanda.com/v3/instruments/GBP_USD/candles
2026-02-06 12:20:05,671 [INFO] performing request https://api-fxpractice.oanda.com/v3/instruments/GBP_USD/candles
2026-02-06 12:20:05,912 [INFO] performing request https://api-fxpractice.oanda.com/v3/instruments/GBP_USD/candles
2026-02-06 12:20:06,097 [INFO] performing request https://api-fxpractice.oanda.com/v3/instruments/GBP_USD/candles
2026-02-06 12:20:06,475 [INFO] performing request https://api-fxpractice.oanda.com/v3/instruments/GBP_USD/candles
2026-02-06 12:20:06,763 [INFO] performing request https://api-fxpractice.oanda.com/v3/instruments/GBP_USD/candles
2026-02-06 12:20:07,028 [INFO] performing request https://api-fxpractice.oanda.com/v3/instruments/GBP_USD/candles
2026-02-06 12:20:07,264 [INFO] performing request https://api-fxpractice.oanda.com/v3/instruments/GBP_USD/candles
2026-02-06 12:20:07,470 [INFO] performing request https://api-fxpractice.oanda.com/v3/instruments/GBP_USD/candles
2026-02-06 12:20:07,685 [INFO] performing request https://api-fxpractice.oanda.com/v3/instruments/GBP_USD/candles
2026-02-06 12:20:08,059 [INFO] performing request https://api-fxpractice.oanda.com/v3/instruments/GBP_USD/candles
2026-02-06 12:20:08,370 [INFO] performing request https://api-fxpractice.oanda.com/v3/instruments/GBP_USD/candles
2026-02-06 12:20:08,612 [INFO] performing request https://api-fxpractice.oanda.com/v3/instruments/GBP_USD/candles
2026-02-06 12:20:08,824 [INFO] performing request https://api-fxpractice.oanda.com/v3/instruments/GBP_USD/candles
2026-02-06 12:20:09,083 [INFO] performing request https://api-fxpractice.oanda.com/v3/instruments/GBP_USD/candles
2026-02-06 12:20:09,352 [INFO] performing request https://api-fxpractice.oanda.com/v3/instruments/GBP_USD/candles
2026-02-06 12:20:09,561 [INFO] performing request https://api-fxpractice.oanda.com/v3/instruments/GBP_USD/candles
2026-02-06 12:20:09,780 [INFO] performing request https://api-fxpractice.oanda.com/v3/instruments/GBP_USD/candles
2026-02-06 12:20:09,958 [INFO] performing request https://api-fxpractice.oanda.com/v3/instruments/GBP_USD/candles
2026-02-06 12:20:10,174 [INFO] performing request https://api-fxpractice.oanda.com/v3/instruments/GBP_USD/candles
2026-02-06 12:20:10,457 [INFO] performing request https://api-fxpractice.oanda.com/v3/instruments/GBP_USD/candles
2026-02-06 12:20:10,686 [INFO] performing request https://api-fxpractice.oanda.com/v3/instruments/GBP_USD/candles
2026-02-06 12:20:11,045 [INFO] performing request https://api-fxpractice.oanda.com/v3/instruments/GBP_USD/candles
2026-02-06 12:20:11,360 [INFO] performing request https://api-fxpractice.oanda.com/v3/instruments/GBP_USD/candles
2026-02-06 12:20:11,590 [INFO] performing request https://api-fxpractice.oanda.com/v3/instruments/GBP_USD/candles
2026-02-06 12:20:11,824 [INFO] performing request https://api-fxpractice.oanda.com/v3/instruments/GBP_USD/candles
2026-02-06 12:20:12,133 [INFO] performing request https://api-fxpractice.oanda.com/v3/instruments/GBP_USD/candles
2026-02-06 12:20:12,307 [INFO] performing request https://api-fxpractice.oanda.com/v3/instruments/GBP_USD/candles
2026-02-06 12:20:12,687 [INFO] performing request https://api-fxpractice.oanda.com/v3/instruments/GBP_USD/candles
2026-02-06 12:20:12,893 [INFO] performing request https://api-fxpractice.oanda.com/v3/instruments/GBP_USD/candles
2026-02-06 12:20:13,578 [INFO] performing request https://api-fxpractice.oanda.com/v3/instruments/GBP_USD/candles
2026-02-06 12:20:13,766 [INFO] performing request https://api-fxpractice.oanda.com/v3/instruments/GBP_USD/candles
2026-02-06 12:20:13,978 [INFO] performing request https://api-fxpractice.oanda.com/v3/instruments/GBP_USD/candles
2026-02-06 12:20:14,155 [INFO] performing request https://api-fxpractice.oanda.com/v3/instruments/GBP_USD/candles
2026-02-06 12:20:14,371 [INFO] performing request https://api-fxpractice.oanda.com/v3/instruments/GBP_USD/candles
2026-02-06 12:20:14,598 [INFO] performing request https://api-fxpractice.oanda.com/v3/instruments/GBP_USD/candles
2026-02-06 12:20:14,804 [INFO] performing request https://api-fxpractice.oanda.com/v3/instruments/GBP_USD/candles
2026-02-06 12:20:14,986 [INFO] performing request https://api-fxpractice.oanda.com/v3/instruments/GBP_USD/candles
2026-02-06 12:20:15,215 [INFO] performing request https://api-fxpractice.oanda.com/v3/instruments/GBP_USD/candles
2026-02-06 12:20:15,417 [INFO] performing request https://api-fxpractice.oanda.com/v3/instruments/GBP_USD/candles
2026-02-06 12:20:15,695 [INFO] performing request https://api-fxpractice.oanda.com/v3/instruments/GBP_USD/candles
2026-02-06 12:20:15,877 [INFO] performing request https://api-fxpractice.oanda.com/v3/instruments/GBP_USD/candles
2026-02-06 12:20:16,181 [INFO] performing request https://api-fxpractice.oanda.com/v3/instruments/GBP_USD/candles
2026-02-06 12:20:16,467 [INFO] performing request https://api-fxpractice.oanda.com/v3/instruments/GBP_USD/candles
2026-02-06 12:20:16,676 [INFO] performing request https://api-fxpractice.oanda.com/v3/instruments/GBP_USD/candles
2026-02-06 12:20:17,000 [INFO] performing request https://api-fxpractice.oanda.com/v3/instruments/GBP_USD/candles
2026-02-06 12:20:17,356 [INFO] performing request https://api-fxpractice.oanda.com/v3/instruments/GBP_USD/candles
2026-02-06 12:20:17,576 [INFO] performing request https://api-fxpractice.oanda.com/v3/instruments/GBP_USD/candles
2026-02-06 12:20:17,775 [INFO] performing request https://api-fxpractice.oanda.com/v3/instruments/GBP_USD/candles
2026-02-06 12:20:18,070 [INFO] performing request https://api-fxpractice.oanda.com/v3/instruments/GBP_USD/candles
2026-02-06 12:20:18,255 [INFO] performing request https://api-fxpractice.oanda.com/v3/instruments/GBP_USD/candles
2026-02-06 12:20:18,492 [INFO] performing request https://api-fxpractice.oanda.com/v3/instruments/GBP_USD/candles
2026-02-06 12:20:18,717 [INFO] performing request https://api-fxpractice.oanda.com/v3/instruments/GBP_USD/candles
2026-02-06 12:20:18,964 [INFO] performing request https://api-fxpractice.oanda.com/v3/instruments/GBP_USD/candles
2026-02-06 12:20:19,536 [INFO] performing request https://api-fxpractice.oanda.com/v3/instruments/GBP_USD/candles
2026-02-06 12:20:19,739 [INFO] performing request https://api-fxpractice.oanda.com/v3/instruments/GBP_USD/candles
2026-02-06 12:20:19,913 [INFO] performing request https://api-fxpractice.oanda.com/v3/instruments/GBP_USD/candles
2026-02-06 12:20:20,141 [INFO] performing request https://api-fxpractice.oanda.com/v3/instruments/GBP_USD/candles
2026-02-06 12:20:20,432 [INFO] performing request https://api-fxpractice.oanda.com/v3/instruments/GBP_USD/candles
2026-02-06 12:20:20,607 [INFO] performing request https://api-fxpractice.oanda.com/v3/instruments/GBP_USD/candles
2026-02-06 12:20:20,911 [INFO] performing request https://api-fxpractice.oanda.com/v3/instruments/GBP_USD/candles
2026-02-06 12:20:21,105 [INFO] performing request https://api-fxpractice.oanda.com/v3/instruments/GBP_USD/candles
2026-02-06 12:20:21,429 [INFO] performing request https://api-fxpractice.oanda.com/v3/instruments/GBP_USD/candles
2026-02-06 12:20:21,778 [INFO] performing request https://api-fxpractice.oanda.com/v3/instruments/GBP_USD/candles
2026-02-06 12:20:22,071 [INFO] performing request https://api-fxpractice.oanda.com/v3/instruments/GBP_USD/candles
2026-02-06 12:20:22,359 [INFO] performing request https://api-fxpractice.oanda.com/v3/instruments/GBP_USD/candles
2026-02-06 12:20:22,563 [INFO] performing request https://api-fxpractice.oanda.com/v3/instruments/GBP_USD/candles
2026-02-06 12:20:22,852 [INFO] performing request https://api-fxpractice.oanda.com/v3/instruments/GBP_USD/candles
2026-02-06 12:20:23,221 [INFO] performing request https://api-fxpractice.oanda.com/v3/instruments/GBP_USD/candles
2026-02-06 12:20:23,418 [INFO] performing request https://api-fxpractice.oanda.com/v3/instruments/GBP_USD/candles
2026-02-06 12:20:23,652 [INFO] performing request https://api-fxpractice.oanda.com/v3/instruments/GBP_USD/candles
2026-02-06 12:20:23,922 [INFO] performing request https://api-fxpractice.oanda.com/v3/instruments/GBP_USD/candles
2026-02-06 12:20:24,143 [INFO] performing request https://api-fxpractice.oanda.com/v3/instruments/GBP_USD/candles
2026-02-06 12:20:24,318 [INFO] performing request https://api-fxpractice.oanda.com/v3/instruments/GBP_USD/candles
2026-02-06 12:20:24,613 [INFO] performing request https://api-fxpractice.oanda.com/v3/instruments/GBP_USD/candles
2026-02-06 12:20:24,818 [INFO] performing request https://api-fxpractice.oanda.com/v3/instruments/GBP_USD/candles
2026-02-06 12:20:25,010 [INFO] performing request https://api-fxpractice.oanda.com/v3/instruments/GBP_USD/candles
2026-02-06 12:20:25,245 [INFO] performing request https://api-fxpractice.oanda.com/v3/instruments/GBP_USD/candles
2026-02-06 12:20:25,434 [INFO] performing request https://api-fxpractice.oanda.com/v3/instruments/GBP_USD/candles
2026-02-06 12:20:25,636 [INFO] performing request https://api-fxpractice.oanda.com/v3/instruments/GBP_USD/candles
2026-02-06 12:20:25,895 [INFO] performing request https://api-fxpractice.oanda.com/v3/instruments/GBP_USD/candles
2026-02-06 12:20:26,366 [INFO] performing request https://api-fxpractice.oanda.com/v3/instruments/GBP_USD/candles
2026-02-06 12:20:26,586 [INFO] performing request https://api-fxpractice.oanda.com/v3/instruments/GBP_USD/candles
2026-02-06 12:20:26,885 [INFO] performing request https://api-fxpractice.oanda.com/v3/instruments/GBP_USD/candles
2026-02-06 12:20:27,127 [INFO] performing request https://api-fxpractice.oanda.com/v3/instruments/GBP_USD/candles
2026-02-06 12:20:27,374 [INFO] performing request https://api-fxpractice.oanda.com/v3/instruments/GBP_USD/candles
2026-02-06 12:20:27,560 [INFO] performing request https://api-fxpractice.oanda.com/v3/instruments/GBP_USD/candles
2026-02-06 12:20:27,744 [INFO] performing request https://api-fxpractice.oanda.com/v3/instruments/GBP_USD/candles
2026-02-06 12:20:28,119 [INFO] performing request https://api-fxpractice.oanda.com/v3/instruments/GBP_USD/candles
2026-02-06 12:20:28,333 [INFO] performing request https://api-fxpractice.oanda.com/v3/instruments/GBP_USD/candles
2026-02-06 12:20:28,677 [INFO] performing request https://api-fxpractice.oanda.com/v3/instruments/GBP_USD/candles
2026-02-06 12:20:28,900 [INFO] performing request https://api-fxpractice.oanda.com/v3/instruments/GBP_USD/candles
2026-02-06 12:20:29,426 [INFO] performing request https://api-fxpractice.oanda.com/v3/instruments/GBP_USD/candles
2026-02-06 12:20:29,616 [INFO] performing request https://api-fxpractice.oanda.com/v3/instruments/GBP_USD/candles
2026-02-06 12:20:29,984 [INFO] performing request https://api-fxpractice.oanda.com/v3/instruments/GBP_USD/candles
2026-02-06 12:20:30,158 [INFO] performing request https://api-fxpractice.oanda.com/v3/instruments/GBP_USD/candles
2026-02-06 12:20:30,423 [INFO] performing request https://api-fxpractice.oanda.com/v3/instruments/GBP_USD/candles
2026-02-06 12:20:35,360 [INFO] Saved 370,541 candles to data\raw\oanda\GBP_USD\M1\GBP_USD_M1.pkl
2026-02-06 12:20:35,398 [INFO] [3/4] Collecting USD_JPY...
2026-02-06 12:20:35,398 [INFO] performing request https://api-fxpractice.oanda.com/v3/instruments/USD_JPY/candles
2026-02-06 12:20:35,706 [INFO] performing request https://api-fxpractice.oanda.com/v3/instruments/USD_JPY/candles
2026-02-06 12:20:36,112 [INFO] performing request https://api-fxpractice.oanda.com/v3/instruments/USD_JPY/candles
2026-02-06 12:20:36,288 [INFO] performing request https://api-fxpractice.oanda.com/v3/instruments/USD_JPY/candles
2026-02-06 12:20:36,597 [INFO] performing request https://api-fxpractice.oanda.com/v3/instruments/USD_JPY/candles
2026-02-06 12:20:36,886 [INFO] performing request https://api-fxpractice.oanda.com/v3/instruments/USD_JPY/candles
2026-02-06 12:20:37,059 [INFO] performing request https://api-fxpractice.oanda.com/v3/instruments/USD_JPY/candles
2026-02-06 12:20:37,368 [INFO] performing request https://api-fxpractice.oanda.com/v3/instruments/USD_JPY/candles
2026-02-06 12:20:37,853 [INFO] performing request https://api-fxpractice.oanda.com/v3/instruments/USD_JPY/candles
2026-02-06 12:20:38,062 [INFO] performing request https://api-fxpractice.oanda.com/v3/instruments/USD_JPY/candles
2026-02-06 12:20:38,251 [INFO] performing request https://api-fxpractice.oanda.com/v3/instruments/USD_JPY/candles
2026-02-06 12:20:38,572 [INFO] performing request https://api-fxpractice.oanda.com/v3/instruments/USD_JPY/candles
2026-02-06 12:20:38,761 [INFO] performing request https://api-fxpractice.oanda.com/v3/instruments/USD_JPY/candles
2026-02-06 12:20:38,995 [INFO] performing request https://api-fxpractice.oanda.com/v3/instruments/USD_JPY/candles
2026-02-06 12:20:39,167 [INFO] performing request https://api-fxpractice.oanda.com/v3/instruments/USD_JPY/candles
2026-02-06 12:20:39,518 [INFO] performing request https://api-fxpractice.oanda.com/v3/instruments/USD_JPY/candles
2026-02-06 12:20:39,712 [INFO] performing request https://api-fxpractice.oanda.com/v3/instruments/USD_JPY/candles
2026-02-06 12:20:40,139 [INFO] performing request https://api-fxpractice.oanda.com/v3/instruments/USD_JPY/candles
2026-02-06 12:20:40,343 [INFO] performing request https://api-fxpractice.oanda.com/v3/instruments/USD_JPY/candles
2026-02-06 12:20:40,640 [INFO] performing request https://api-fxpractice.oanda.com/v3/instruments/USD_JPY/candles
2026-02-06 12:20:40,869 [INFO] performing request https://api-fxpractice.oanda.com/v3/instruments/USD_JPY/candles
2026-02-06 12:20:41,163 [INFO] performing request https://api-fxpractice.oanda.com/v3/instruments/USD_JPY/candles
2026-02-06 12:20:41,567 [INFO] performing request https://api-fxpractice.oanda.com/v3/instruments/USD_JPY/candles
2026-02-06 12:20:41,737 [INFO] performing request https://api-fxpractice.oanda.com/v3/instruments/USD_JPY/candles
2026-02-06 12:20:41,962 [INFO] performing request https://api-fxpractice.oanda.com/v3/instruments/USD_JPY/candles
2026-02-06 12:20:42,253 [INFO] performing request https://api-fxpractice.oanda.com/v3/instruments/USD_JPY/candles
2026-02-06 12:20:42,459 [INFO] performing request https://api-fxpractice.oanda.com/v3/instruments/USD_JPY/candles
2026-02-06 12:20:42,640 [INFO] performing request https://api-fxpractice.oanda.com/v3/instruments/USD_JPY/candles
2026-02-06 12:20:42,985 [INFO] performing request https://api-fxpractice.oanda.com/v3/instruments/USD_JPY/candles
2026-02-06 12:20:43,175 [INFO] performing request https://api-fxpractice.oanda.com/v3/instruments/USD_JPY/candles
2026-02-06 12:20:43,418 [INFO] performing request https://api-fxpractice.oanda.com/v3/instruments/USD_JPY/candles
2026-02-06 12:20:43,611 [INFO] performing request https://api-fxpractice.oanda.com/v3/instruments/USD_JPY/candles
2026-02-06 12:20:43,858 [INFO] performing request https://api-fxpractice.oanda.com/v3/instruments/USD_JPY/candles
2026-02-06 12:20:44,132 [INFO] performing request https://api-fxpractice.oanda.com/v3/instruments/USD_JPY/candles
2026-02-06 12:20:44,400 [INFO] performing request https://api-fxpractice.oanda.com/v3/instruments/USD_JPY/candles
2026-02-06 12:20:44,889 [INFO] performing request https://api-fxpractice.oanda.com/v3/instruments/USD_JPY/candles
2026-02-06 12:20:45,169 [INFO] performing request https://api-fxpractice.oanda.com/v3/instruments/USD_JPY/candles
2026-02-06 12:20:45,365 [INFO] performing request https://api-fxpractice.oanda.com/v3/instruments/USD_JPY/candles
2026-02-06 12:20:45,605 [INFO] performing request https://api-fxpractice.oanda.com/v3/instruments/USD_JPY/candles
2026-02-06 12:20:45,823 [INFO] performing request https://api-fxpractice.oanda.com/v3/instruments/USD_JPY/candles
2026-02-06 12:20:46,261 [INFO] performing request https://api-fxpractice.oanda.com/v3/instruments/USD_JPY/candles
2026-02-06 12:20:46,639 [INFO] performing request https://api-fxpractice.oanda.com/v3/instruments/USD_JPY/candles
2026-02-06 12:20:46,821 [INFO] performing request https://api-fxpractice.oanda.com/v3/instruments/USD_JPY/candles
2026-02-06 12:20:47,045 [INFO] performing request https://api-fxpractice.oanda.com/v3/instruments/USD_JPY/candles
2026-02-06 12:20:47,243 [INFO] performing request https://api-fxpractice.oanda.com/v3/instruments/USD_JPY/candles
2026-02-06 12:20:47,522 [INFO] performing request https://api-fxpractice.oanda.com/v3/instruments/USD_JPY/candles
2026-02-06 12:20:47,698 [INFO] performing request https://api-fxpractice.oanda.com/v3/instruments/USD_JPY/candles
2026-02-06 12:20:48,035 [INFO] performing request https://api-fxpractice.oanda.com/v3/instruments/USD_JPY/candles
2026-02-06 12:20:48,294 [INFO] performing request https://api-fxpractice.oanda.com/v3/instruments/USD_JPY/candles
2026-02-06 12:20:48,508 [INFO] performing request https://api-fxpractice.oanda.com/v3/instruments/USD_JPY/candles
2026-02-06 12:20:48,692 [INFO] performing request https://api-fxpractice.oanda.com/v3/instruments/USD_JPY/candles
2026-02-06 12:20:49,007 [INFO] performing request https://api-fxpractice.oanda.com/v3/instruments/USD_JPY/candles
2026-02-06 12:20:49,182 [INFO] performing request https://api-fxpractice.oanda.com/v3/instruments/USD_JPY/candles
2026-02-06 12:20:49,414 [INFO] performing request https://api-fxpractice.oanda.com/v3/instruments/USD_JPY/candles
2026-02-06 12:20:49,608 [INFO] performing request https://api-fxpractice.oanda.com/v3/instruments/USD_JPY/candles
2026-02-06 12:20:49,834 [INFO] performing request https://api-fxpractice.oanda.com/v3/instruments/USD_JPY/candles
2026-02-06 12:20:50,001 [INFO] performing request https://api-fxpractice.oanda.com/v3/instruments/USD_JPY/candles
2026-02-06 12:20:50,284 [INFO] performing request https://api-fxpractice.oanda.com/v3/instruments/USD_JPY/candles
2026-02-06 12:20:50,536 [INFO] performing request https://api-fxpractice.oanda.com/v3/instruments/USD_JPY/candles
2026-02-06 12:20:51,046 [INFO] performing request https://api-fxpractice.oanda.com/v3/instruments/USD_JPY/candles
2026-02-06 12:20:51,382 [INFO] performing request https://api-fxpractice.oanda.com/v3/instruments/USD_JPY/candles
2026-02-06 12:20:51,550 [INFO] performing request https://api-fxpractice.oanda.com/v3/instruments/USD_JPY/candles
2026-02-06 12:20:51,880 [INFO] performing request https://api-fxpractice.oanda.com/v3/instruments/USD_JPY/candles
2026-02-06 12:20:52,321 [INFO] performing request https://api-fxpractice.oanda.com/v3/instruments/USD_JPY/candles
2026-02-06 12:20:52,674 [INFO] performing request https://api-fxpractice.oanda.com/v3/instruments/USD_JPY/candles
2026-02-06 12:20:52,864 [INFO] performing request https://api-fxpractice.oanda.com/v3/instruments/USD_JPY/candles
2026-02-06 12:20:53,187 [INFO] performing request https://api-fxpractice.oanda.com/v3/instruments/USD_JPY/candles
2026-02-06 12:20:53,517 [INFO] performing request https://api-fxpractice.oanda.com/v3/instruments/USD_JPY/candles
2026-02-06 12:20:53,890 [INFO] performing request https://api-fxpractice.oanda.com/v3/instruments/USD_JPY/candles
2026-02-06 12:20:54,307 [INFO] performing request https://api-fxpractice.oanda.com/v3/instruments/USD_JPY/candles
2026-02-06 12:20:54,564 [INFO] performing request https://api-fxpractice.oanda.com/v3/instruments/USD_JPY/candles
2026-02-06 12:20:54,779 [INFO] performing request https://api-fxpractice.oanda.com/v3/instruments/USD_JPY/candles
2026-02-06 12:20:54,999 [INFO] performing request https://api-fxpractice.oanda.com/v3/instruments/USD_JPY/candles
2026-02-06 12:20:55,583 [INFO] performing request https://api-fxpractice.oanda.com/v3/instruments/USD_JPY/candles
2026-02-06 12:20:55,770 [INFO] performing request https://api-fxpractice.oanda.com/v3/instruments/USD_JPY/candles
2026-02-06 12:20:55,983 [INFO] performing request https://api-fxpractice.oanda.com/v3/instruments/USD_JPY/candles
2026-02-06 12:20:56,167 [INFO] performing request https://api-fxpractice.oanda.com/v3/instruments/USD_JPY/candles
2026-02-06 12:20:56,494 [INFO] performing request https://api-fxpractice.oanda.com/v3/instruments/USD_JPY/candles
2026-02-06 12:20:57,021 [INFO] performing request https://api-fxpractice.oanda.com/v3/instruments/USD_JPY/candles
2026-02-06 12:20:57,343 [INFO] performing request https://api-fxpractice.oanda.com/v3/instruments/USD_JPY/candles
2026-02-06 12:20:57,529 [INFO] performing request https://api-fxpractice.oanda.com/v3/instruments/USD_JPY/candles
2026-02-06 12:20:57,797 [INFO] performing request https://api-fxpractice.oanda.com/v3/instruments/USD_JPY/candles
2026-02-06 12:20:57,997 [INFO] performing request https://api-fxpractice.oanda.com/v3/instruments/USD_JPY/candles
2026-02-06 12:20:58,415 [INFO] performing request https://api-fxpractice.oanda.com/v3/instruments/USD_JPY/candles
2026-02-06 12:20:58,639 [INFO] performing request https://api-fxpractice.oanda.com/v3/instruments/USD_JPY/candles
2026-02-06 12:20:58,856 [INFO] performing request https://api-fxpractice.oanda.com/v3/instruments/USD_JPY/candles
2026-02-06 12:20:59,062 [INFO] performing request https://api-fxpractice.oanda.com/v3/instruments/USD_JPY/candles
2026-02-06 12:20:59,400 [INFO] performing request https://api-fxpractice.oanda.com/v3/instruments/USD_JPY/candles
2026-02-06 12:20:59,888 [INFO] performing request https://api-fxpractice.oanda.com/v3/instruments/USD_JPY/candles
2026-02-06 12:21:00,214 [INFO] performing request https://api-fxpractice.oanda.com/v3/instruments/USD_JPY/candles
2026-02-06 12:21:00,546 [INFO] performing request https://api-fxpractice.oanda.com/v3/instruments/USD_JPY/candles
2026-02-06 12:21:00,829 [INFO] performing request https://api-fxpractice.oanda.com/v3/instruments/USD_JPY/candles
2026-02-06 12:21:01,141 [INFO] performing request https://api-fxpractice.oanda.com/v3/instruments/USD_JPY/candles
2026-02-06 12:21:01,440 [INFO] performing request https://api-fxpractice.oanda.com/v3/instruments/USD_JPY/candles
2026-02-06 12:21:02,070 [INFO] performing request https://api-fxpractice.oanda.com/v3/instruments/USD_JPY/candles
2026-02-06 12:21:02,323 [INFO] performing request https://api-fxpractice.oanda.com/v3/instruments/USD_JPY/candles
2026-02-06 12:21:02,607 [INFO] performing request https://api-fxpractice.oanda.com/v3/instruments/USD_JPY/candles
2026-02-06 12:21:02,888 [INFO] performing request https://api-fxpractice.oanda.com/v3/instruments/USD_JPY/candles
2026-02-06 12:21:03,120 [INFO] performing request https://api-fxpractice.oanda.com/v3/instruments/USD_JPY/candles
2026-02-06 12:21:03,292 [INFO] performing request https://api-fxpractice.oanda.com/v3/instruments/USD_JPY/candles
2026-02-06 12:21:03,522 [INFO] performing request https://api-fxpractice.oanda.com/v3/instruments/USD_JPY/candles
2026-02-06 12:21:03,704 [INFO] performing request https://api-fxpractice.oanda.com/v3/instruments/USD_JPY/candles
2026-02-06 12:21:03,930 [INFO] performing request https://api-fxpractice.oanda.com/v3/instruments/USD_JPY/candles
2026-02-06 12:21:04,420 [INFO] performing request https://api-fxpractice.oanda.com/v3/instruments/USD_JPY/candles
2026-02-06 12:21:04,585 [INFO] performing request https://api-fxpractice.oanda.com/v3/instruments/USD_JPY/candles
2026-02-06 12:21:04,890 [INFO] performing request https://api-fxpractice.oanda.com/v3/instruments/USD_JPY/candles
2026-02-06 12:21:05,199 [INFO] performing request https://api-fxpractice.oanda.com/v3/instruments/USD_JPY/candles
2026-02-06 12:21:05,428 [INFO] performing request https://api-fxpractice.oanda.com/v3/instruments/USD_JPY/candles
2026-02-06 12:21:05,650 [INFO] performing request https://api-fxpractice.oanda.com/v3/instruments/USD_JPY/candles
2026-02-06 12:21:06,229 [INFO] performing request https://api-fxpractice.oanda.com/v3/instruments/USD_JPY/candles
2026-02-06 12:21:06,422 [INFO] performing request https://api-fxpractice.oanda.com/v3/instruments/USD_JPY/candles
2026-02-06 12:21:06,682 [INFO] performing request https://api-fxpractice.oanda.com/v3/instruments/USD_JPY/candles
2026-02-06 12:21:11,589 [INFO] Saved 370,531 candles to data\raw\oanda\USD_JPY\M1\USD_JPY_M1.pkl
2026-02-06 12:21:11,629 [INFO] [4/4] Collecting AUD_USD...
2026-02-06 12:21:11,630 [INFO] performing request https://api-fxpractice.oanda.com/v3/instruments/AUD_USD/candles
2026-02-06 12:21:12,023 [INFO] performing request https://api-fxpractice.oanda.com/v3/instruments/AUD_USD/candles
2026-02-06 12:21:12,339 [INFO] performing request https://api-fxpractice.oanda.com/v3/instruments/AUD_USD/candles
2026-02-06 12:21:12,523 [INFO] performing request https://api-fxpractice.oanda.com/v3/instruments/AUD_USD/candles
2026-02-06 12:21:12,746 [INFO] performing request https://api-fxpractice.oanda.com/v3/instruments/AUD_USD/candles
2026-02-06 12:21:13,037 [INFO] performing request https://api-fxpractice.oanda.com/v3/instruments/AUD_USD/candles
2026-02-06 12:21:13,230 [INFO] performing request https://api-fxpractice.oanda.com/v3/instruments/AUD_USD/candles
2026-02-06 12:21:13,515 [INFO] performing request https://api-fxpractice.oanda.com/v3/instruments/AUD_USD/candles
2026-02-06 12:21:13,822 [INFO] performing request https://api-fxpractice.oanda.com/v3/instruments/AUD_USD/candles
2026-02-06 12:21:14,025 [INFO] performing request https://api-fxpractice.oanda.com/v3/instruments/AUD_USD/candles
2026-02-06 12:21:14,234 [INFO] performing request https://api-fxpractice.oanda.com/v3/instruments/AUD_USD/candles
2026-02-06 12:21:14,476 [INFO] performing request https://api-fxpractice.oanda.com/v3/instruments/AUD_USD/candles
2026-02-06 12:21:14,654 [INFO] performing request https://api-fxpractice.oanda.com/v3/instruments/AUD_USD/candles
2026-02-06 12:21:14,910 [INFO] performing request https://api-fxpractice.oanda.com/v3/instruments/AUD_USD/candles
2026-02-06 12:21:15,193 [INFO] performing request https://api-fxpractice.oanda.com/v3/instruments/AUD_USD/candles
2026-02-06 12:21:15,599 [INFO] performing request https://api-fxpractice.oanda.com/v3/instruments/AUD_USD/candles
2026-02-06 12:21:15,785 [INFO] performing request https://api-fxpractice.oanda.com/v3/instruments/AUD_USD/candles
2026-02-06 12:21:16,004 [INFO] performing request https://api-fxpractice.oanda.com/v3/instruments/AUD_USD/candles
2026-02-06 12:21:16,188 [INFO] performing request https://api-fxpractice.oanda.com/v3/instruments/AUD_USD/candles
2026-02-06 12:21:16,577 [INFO] performing request https://api-fxpractice.oanda.com/v3/instruments/AUD_USD/candles
2026-02-06 12:21:16,835 [INFO] performing request https://api-fxpractice.oanda.com/v3/instruments/AUD_USD/candles
2026-02-06 12:21:17,131 [INFO] performing request https://api-fxpractice.oanda.com/v3/instruments/AUD_USD/candles
2026-02-06 12:21:17,315 [INFO] performing request https://api-fxpractice.oanda.com/v3/instruments/AUD_USD/candles
2026-02-06 12:21:17,556 [INFO] performing request https://api-fxpractice.oanda.com/v3/instruments/AUD_USD/candles
2026-02-06 12:21:17,762 [INFO] performing request https://api-fxpractice.oanda.com/v3/instruments/AUD_USD/candles
2026-02-06 12:21:18,160 [INFO] performing request https://api-fxpractice.oanda.com/v3/instruments/AUD_USD/candles
2026-02-06 12:21:18,375 [INFO] performing request https://api-fxpractice.oanda.com/v3/instruments/AUD_USD/candles
2026-02-06 12:21:18,680 [INFO] performing request https://api-fxpractice.oanda.com/v3/instruments/AUD_USD/candles
2026-02-06 12:21:18,867 [INFO] performing request https://api-fxpractice.oanda.com/v3/instruments/AUD_USD/candles
2026-02-06 12:21:19,034 [INFO] performing request https://api-fxpractice.oanda.com/v3/instruments/AUD_USD/candles
2026-02-06 12:21:19,239 [INFO] performing request https://api-fxpractice.oanda.com/v3/instruments/AUD_USD/candles
2026-02-06 12:21:19,466 [INFO] performing request https://api-fxpractice.oanda.com/v3/instruments/AUD_USD/candles
2026-02-06 12:21:19,728 [INFO] performing request https://api-fxpractice.oanda.com/v3/instruments/AUD_USD/candles
2026-02-06 12:21:20,073 [INFO] performing request https://api-fxpractice.oanda.com/v3/instruments/AUD_USD/candles
2026-02-06 12:21:20,334 [INFO] performing request https://api-fxpractice.oanda.com/v3/instruments/AUD_USD/candles
2026-02-06 12:21:20,523 [INFO] performing request https://api-fxpractice.oanda.com/v3/instruments/AUD_USD/candles
2026-02-06 12:21:20,725 [INFO] performing request https://api-fxpractice.oanda.com/v3/instruments/AUD_USD/candles
2026-02-06 12:21:20,962 [INFO] performing request https://api-fxpractice.oanda.com/v3/instruments/AUD_USD/candles
2026-02-06 12:21:21,379 [INFO] performing request https://api-fxpractice.oanda.com/v3/instruments/AUD_USD/candles
2026-02-06 12:21:21,641 [INFO] performing request https://api-fxpractice.oanda.com/v3/instruments/AUD_USD/candles
2026-02-06 12:21:21,879 [INFO] performing request https://api-fxpractice.oanda.com/v3/instruments/AUD_USD/candles
2026-02-06 12:21:22,110 [INFO] performing request https://api-fxpractice.oanda.com/v3/instruments/AUD_USD/candles
2026-02-06 12:21:22,325 [INFO] performing request https://api-fxpractice.oanda.com/v3/instruments/AUD_USD/candles
2026-02-06 12:21:22,644 [INFO] performing request https://api-fxpractice.oanda.com/v3/instruments/AUD_USD/candles
2026-02-06 12:21:22,834 [INFO] performing request https://api-fxpractice.oanda.com/v3/instruments/AUD_USD/candles
2026-02-06 12:21:23,048 [INFO] performing request https://api-fxpractice.oanda.com/v3/instruments/AUD_USD/candles
2026-02-06 12:21:23,223 [INFO] performing request https://api-fxpractice.oanda.com/v3/instruments/AUD_USD/candles
2026-02-06 12:21:23,539 [INFO] performing request https://api-fxpractice.oanda.com/v3/instruments/AUD_USD/candles
2026-02-06 12:21:23,705 [INFO] performing request https://api-fxpractice.oanda.com/v3/instruments/AUD_USD/candles
2026-02-06 12:21:23,919 [INFO] performing request https://api-fxpractice.oanda.com/v3/instruments/AUD_USD/candles
2026-02-06 12:21:24,089 [INFO] performing request https://api-fxpractice.oanda.com/v3/instruments/AUD_USD/candles
2026-02-06 12:21:24,622 [INFO] performing request https://api-fxpractice.oanda.com/v3/instruments/AUD_USD/candles
2026-02-06 12:21:24,797 [INFO] performing request https://api-fxpractice.oanda.com/v3/instruments/AUD_USD/candles
2026-02-06 12:21:25,115 [INFO] performing request https://api-fxpractice.oanda.com/v3/instruments/AUD_USD/candles
2026-02-06 12:21:25,350 [INFO] performing request https://api-fxpractice.oanda.com/v3/instruments/AUD_USD/candles
2026-02-06 12:21:25,683 [INFO] performing request https://api-fxpractice.oanda.com/v3/instruments/AUD_USD/candles
2026-02-06 12:21:25,985 [INFO] performing request https://api-fxpractice.oanda.com/v3/instruments/AUD_USD/candles
2026-02-06 12:21:26,147 [INFO] performing request https://api-fxpractice.oanda.com/v3/instruments/AUD_USD/candles
2026-02-06 12:21:26,492 [INFO] performing request https://api-fxpractice.oanda.com/v3/instruments/AUD_USD/candles
2026-02-06 12:21:26,800 [INFO] performing request https://api-fxpractice.oanda.com/v3/instruments/AUD_USD/candles
2026-02-06 12:21:27,051 [INFO] performing request https://api-fxpractice.oanda.com/v3/instruments/AUD_USD/candles
2026-02-06 12:21:27,242 [INFO] performing request https://api-fxpractice.oanda.com/v3/instruments/AUD_USD/candles
2026-02-06 12:21:27,556 [INFO] performing request https://api-fxpractice.oanda.com/v3/instruments/AUD_USD/candles
2026-02-06 12:21:27,784 [INFO] performing request https://api-fxpractice.oanda.com/v3/instruments/AUD_USD/candles
2026-02-06 12:21:28,110 [INFO] performing request https://api-fxpractice.oanda.com/v3/instruments/AUD_USD/candles
2026-02-06 12:21:28,541 [INFO] performing request https://api-fxpractice.oanda.com/v3/instruments/AUD_USD/candles
2026-02-06 12:21:28,736 [INFO] performing request https://api-fxpractice.oanda.com/v3/instruments/AUD_USD/candles
2026-02-06 12:21:28,926 [INFO] performing request https://api-fxpractice.oanda.com/v3/instruments/AUD_USD/candles
2026-02-06 12:21:29,136 [INFO] performing request https://api-fxpractice.oanda.com/v3/instruments/AUD_USD/candles
2026-02-06 12:21:29,312 [INFO] performing request https://api-fxpractice.oanda.com/v3/instruments/AUD_USD/candles
2026-02-06 12:21:29,561 [INFO] performing request https://api-fxpractice.oanda.com/v3/instruments/AUD_USD/candles
2026-02-06 12:21:30,089 [INFO] performing request https://api-fxpractice.oanda.com/v3/instruments/AUD_USD/candles
2026-02-06 12:21:30,392 [INFO] performing request https://api-fxpractice.oanda.com/v3/instruments/AUD_USD/candles
2026-02-06 12:21:30,587 [INFO] performing request https://api-fxpractice.oanda.com/v3/instruments/AUD_USD/candles
2026-02-06 12:21:30,776 [INFO] performing request https://api-fxpractice.oanda.com/v3/instruments/AUD_USD/candles
2026-02-06 12:21:31,069 [INFO] performing request https://api-fxpractice.oanda.com/v3/instruments/AUD_USD/candles
2026-02-06 12:21:31,253 [INFO] performing request https://api-fxpractice.oanda.com/v3/instruments/AUD_USD/candles
2026-02-06 12:21:31,471 [INFO] performing request https://api-fxpractice.oanda.com/v3/instruments/AUD_USD/candles
2026-02-06 12:21:31,658 [INFO] performing request https://api-fxpractice.oanda.com/v3/instruments/AUD_USD/candles
2026-02-06 12:21:31,925 [INFO] performing request https://api-fxpractice.oanda.com/v3/instruments/AUD_USD/candles
2026-02-06 12:21:32,157 [INFO] performing request https://api-fxpractice.oanda.com/v3/instruments/AUD_USD/candles
2026-02-06 12:21:32,405 [INFO] performing request https://api-fxpractice.oanda.com/v3/instruments/AUD_USD/candles
2026-02-06 12:21:32,682 [INFO] performing request https://api-fxpractice.oanda.com/v3/instruments/AUD_USD/candles
2026-02-06 12:21:33,154 [INFO] performing request https://api-fxpractice.oanda.com/v3/instruments/AUD_USD/candles
2026-02-06 12:21:33,408 [INFO] performing request https://api-fxpractice.oanda.com/v3/instruments/AUD_USD/candles
2026-02-06 12:21:33,697 [INFO] performing request https://api-fxpractice.oanda.com/v3/instruments/AUD_USD/candles
2026-02-06 12:21:33,912 [INFO] performing request https://api-fxpractice.oanda.com/v3/instruments/AUD_USD/candles
2026-02-06 12:21:34,269 [INFO] performing request https://api-fxpractice.oanda.com/v3/instruments/AUD_USD/candles
2026-02-06 12:21:34,514 [INFO] performing request https://api-fxpractice.oanda.com/v3/instruments/AUD_USD/candles
2026-02-06 12:21:34,705 [INFO] performing request https://api-fxpractice.oanda.com/v3/instruments/AUD_USD/candles
2026-02-06 12:21:35,086 [INFO] performing request https://api-fxpractice.oanda.com/v3/instruments/AUD_USD/candles
2026-02-06 12:21:35,281 [INFO] performing request https://api-fxpractice.oanda.com/v3/instruments/AUD_USD/candles
2026-02-06 12:21:35,687 [INFO] performing request https://api-fxpractice.oanda.com/v3/instruments/AUD_USD/candles
2026-02-06 12:21:35,899 [INFO] performing request https://api-fxpractice.oanda.com/v3/instruments/AUD_USD/candles
2026-02-06 12:21:36,232 [INFO] performing request https://api-fxpractice.oanda.com/v3/instruments/AUD_USD/candles
2026-02-06 12:21:36,434 [INFO] performing request https://api-fxpractice.oanda.com/v3/instruments/AUD_USD/candles
2026-02-06 12:21:36,649 [INFO] performing request https://api-fxpractice.oanda.com/v3/instruments/AUD_USD/candles
2026-02-06 12:21:36,847 [INFO] performing request https://api-fxpractice.oanda.com/v3/instruments/AUD_USD/candles
2026-02-06 12:21:37,140 [INFO] performing request https://api-fxpractice.oanda.com/v3/instruments/AUD_USD/candles
2026-02-06 12:21:37,372 [INFO] performing request https://api-fxpractice.oanda.com/v3/instruments/AUD_USD/candles
2026-02-06 12:21:37,576 [INFO] performing request https://api-fxpractice.oanda.com/v3/instruments/AUD_USD/candles
2026-02-06 12:21:37,823 [INFO] performing request https://api-fxpractice.oanda.com/v3/instruments/AUD_USD/candles
2026-02-06 12:21:38,036 [INFO] performing request https://api-fxpractice.oanda.com/v3/instruments/AUD_USD/candles
2026-02-06 12:21:38,287 [INFO] performing request https://api-fxpractice.oanda.com/v3/instruments/AUD_USD/candles
2026-02-06 12:21:38,628 [INFO] performing request https://api-fxpractice.oanda.com/v3/instruments/AUD_USD/candles
2026-02-06 12:21:38,882 [INFO] performing request https://api-fxpractice.oanda.com/v3/instruments/AUD_USD/candles
2026-02-06 12:21:39,070 [INFO] performing request https://api-fxpractice.oanda.com/v3/instruments/AUD_USD/candles
2026-02-06 12:21:39,296 [INFO] performing request https://api-fxpractice.oanda.com/v3/instruments/AUD_USD/candles
2026-02-06 12:21:39,478 [INFO] performing request https://api-fxpractice.oanda.com/v3/instruments/AUD_USD/candles
2026-02-06 12:21:39,689 [INFO] performing request https://api-fxpractice.oanda.com/v3/instruments/AUD_USD/candles
2026-02-06 12:21:39,869 [INFO] performing request https://api-fxpractice.oanda.com/v3/instruments/AUD_USD/candles
2026-02-06 12:21:40,215 [INFO] performing request https://api-fxpractice.oanda.com/v3/instruments/AUD_USD/candles
2026-02-06 12:21:45,059 [INFO] Saved 369,418 candles to data\raw\oanda\AUD_USD\M1\AUD_USD_M1.pkl
